<?xml version="1.0" encoding="UTF-8"?>
<!-- Generated by org.testng.reporters.JUnitXMLReporter -->
<testsuite ignored="0" hostname="NB-LT-LO-217" failures="2" tests="2" name="AddCustomerTest" time="0.079" errors="0" timestamp="2022-02-04T12:36:59 PKT">
  <testcase classname="rough.bankManagerSuiteTestcases.AddCustomerTest" name="addCustomerTest" time="0.008">
    <failure type="java.lang.NullPointerException" message="Cannot invoke &amp;quot;org.apache.poi.xssf.usermodel.XSSFWorkbook.getSheetIndex(String)&amp;quot; because &amp;quot;this.workbook&amp;quot; is null">
      <![CDATA[java.lang.NullPointerException: Cannot invoke "org.apache.poi.xssf.usermodel.XSSFWorkbook.getSheetIndex(String)" because "this.workbook" is null
at resources.ExcelReader.getRowCount(ExcelReader.java:54)
at rough.DataUtils.isTestRunnable(DataUtils.java:67)
at endToEndAutomation.Listerners.onTestStart(Listerners.java:30)
at java.base/java.util.ArrayList.forEach(ArrayList.java:1511)
... Removed 24 stack frames]]>
    </failure>
  </testcase> <!-- addCustomerTest -->
  <testcase classname="rough.bankManagerSuiteTestcases.AddCustomerTest" name="addCustomerTest" time="0.066">
    <failure type="java.lang.NullPointerException" message="Cannot invoke &amp;quot;org.openqa.selenium.TakesScreenshot.getScreenshotAs(org.openqa.selenium.OutputType)&amp;quot; because &amp;quot;ts&amp;quot; is null">
      <![CDATA[java.lang.NullPointerException: Cannot invoke "org.openqa.selenium.TakesScreenshot.getScreenshotAs(org.openqa.selenium.OutputType)" because "ts" is null
at resources.base2.captureScreenshot(base2.java:72)
at endToEndAutomation.Listerners.onTestFailure(Listerners.java:55)
at java.base/java.util.ArrayList.forEach(ArrayList.java:1511)
... Removed 24 stack frames]]>
    </failure>
  </testcase> <!-- addCustomerTest -->
</testsuite> <!-- AddCustomerTest -->
