<?xml version="1.0" encoding="UTF-8"?>
<!-- Generated by org.testng.reporters.JUnitXMLReporter -->
<testsuite ignored="0" hostname="NB-LT-LO-217" failures="0" tests="3" name="OpenAccountTest" time="0.109" errors="0" timestamp="2022-02-04T12:16:31 PKT">
  <testcase classname="rough.bankManagerSuiteTestcases.OpenAccountTest" name="openAccountTest" time="0.029"/>
  <testcase classname="rough.bankManagerSuiteTestcases.OpenAccountTest" name="openAccountTest" time="0.031"/>
  <testcase classname="rough.bankManagerSuiteTestcases.OpenAccountTest" name="openAccountTest" time="0.027"/>
</testsuite> <!-- OpenAccountTest -->
