<?xml version="1.0" encoding="UTF-8"?>
<!-- Generated by org.testng.reporters.JUnitXMLReporter -->
<testsuite ignored="0" hostname="NB-LT-LO-217" failures="0" tests="2" name="AddCustomerTest" time="0.072" errors="0" timestamp="2022-02-04T12:13:28 PKT">
  <testcase classname="rough.bankManagerSuiteTestcases.AddCustomerTest" name="addCustomerTest" time="0.008">
    <skipped/>
  </testcase> <!-- addCustomerTest -->
  <testcase classname="rough.bankManagerSuiteTestcases.AddCustomerTest" name="addCustomerTest" time="0.001">
    <skipped/>
  </testcase> <!-- addCustomerTest -->
</testsuite> <!-- AddCustomerTest -->
