<?xml version="1.0" encoding="UTF-8"?>
<!-- Generated by org.testng.reporters.JUnitXMLReporter -->
<testsuite ignored="0" hostname="NB-LT-LO-217" failures="0" tests="2" name="AddCustomerTest" time="0.963" errors="0" timestamp="2022-02-03T12:38:14 PKT">
  <testcase classname="rough.bankManagerSuiteTestcases.AddCustomerTest" name="addCustomerTest" time="0.004"/>
  <testcase classname="rough.bankManagerSuiteTestcases.AddCustomerTest" name="addCustomerTest" time="0.001"/>
</testsuite> <!-- AddCustomerTest -->
