<?xml version="1.0" encoding="UTF-8"?>
<!-- Generated by org.testng.reporters.JUnitXMLReporter -->
<testsuite ignored="0" hostname="NB-LT-LO-217" failures="0" tests="3" name="OpenAccountTest" time="0.027" errors="0" timestamp="2022-02-03T12:38:14 PKT">
  <testcase classname="rough.bankManagerSuiteTestcases.OpenAccountTest" name="openAccountTest" time="0.001"/>
  <testcase classname="rough.bankManagerSuiteTestcases.OpenAccountTest" name="openAccountTest" time="0.001"/>
  <testcase classname="rough.bankManagerSuiteTestcases.OpenAccountTest" name="openAccountTest" time="0.0"/>
</testsuite> <!-- OpenAccountTest -->
