<?xml version="1.0" encoding="UTF-8"?>
<!-- Generated by org.testng.reporters.JUnitXMLReporter -->
<testsuite ignored="0" hostname="NB-LT-LO-217" failures="0" tests="2" name="AddCustomerTest" time="0.978" errors="0" timestamp="2022-02-03T16:21:05 PKT">
  <testcase classname="rough.AddCustomerSuiteTestcases.AddCustomerTest" name="addCustomerTest" time="0.049"/>
  <testcase classname="rough.AddCustomerSuiteTestcases.AddCustomerTest" name="addCustomerTest" time="0.035">
    <skipped/>
  </testcase> <!-- addCustomerTest -->
</testsuite> <!-- AddCustomerTest -->
