<?xml version="1.0" encoding="UTF-8"?>
<!-- Generated by org.testng.reporters.JUnitXMLReporter -->
<testsuite ignored="0" hostname="NB-LT-LO-217" failures="0" tests="3" name="OpenAccountTest" time="0.113" errors="0" timestamp="2022-02-03T16:21:05 PKT">
  <testcase classname="rough.AddCustomerSuiteTestcases.OpenAccountTest" name="openAccountTest" time="0.03">
    <skipped/>
  </testcase> <!-- openAccountTest -->
  <testcase classname="rough.AddCustomerSuiteTestcases.OpenAccountTest" name="openAccountTest" time="0.034"/>
  <testcase classname="rough.AddCustomerSuiteTestcases.OpenAccountTest" name="openAccountTest" time="0.028"/>
</testsuite> <!-- OpenAccountTest -->
