<?xml version="1.0" encoding="UTF-8"?>
<!-- Generated by org.testng.reporters.JUnitXMLReporter -->
<testsuite ignored="0" hostname="TEO-Ishaq" failures="0" tests="3" name="Test" time="70.105" errors="0" timestamp="2022-07-26T15:49:54 PKT">
  <testcase classname="comparrable.ai.ComparableRegistration" name="comparrableRegistration" time="25.853"/>
  <testcase classname="comparrable.ai.ComparableLogin" name="comparrableLogin" time="23.049"/>
  <testcase classname="comparrable.ai.ComparableLogin22" name="comparrableLogin222" time="18.399"/>
</testsuite> <!-- Test -->
