<?xml version="1.0" encoding="UTF-8"?>
<testng-results ignored="0" total="2" passed="2" failed="0" skipped="0">
  <reporter-output>
  </reporter-output>
  <suite started-at="2022-07-22T15:03:34 PKT" name="Suite" finished-at="2022-07-22T15:04:42 PKT" duration-ms="68061">
    <groups>
    </groups>
    <test started-at="2022-07-22T15:03:34 PKT" name="Test" finished-at="2022-07-22T15:04:42 PKT" duration-ms="68061">
      <class name="comparrable.ai.ComparableRegistration">
        <test-method is-config="true" signature="setUp()[pri:0, instance:comparrable.ai.ComparableRegistration@1a760689]" started-at="2022-07-22T15:03:35 PKT" name="setUp" finished-at="2022-07-22T15:03:36 PKT" duration-ms="722" status="PASS">
          <reporter-output>
          </reporter-output>
        </test-method> <!-- setUp -->
        <test-method signature="comparrableRegistration()[pri:0, instance:comparrable.ai.ComparableRegistration@1a760689]" started-at="2022-07-22T15:03:36 PKT" name="comparrableRegistration" finished-at="2022-07-22T15:04:22 PKT" duration-ms="46056" status="PASS">
          <reporter-output>
          </reporter-output>
        </test-method> <!-- comparrableRegistration -->
      </class> <!-- comparrable.ai.ComparableRegistration -->
      <class name="comparrable.ai.ComparableLogin">
        <test-method is-config="true" signature="setUp()[pri:0, instance:comparrable.ai.ComparableLogin@331acdad]" started-at="2022-07-22T15:03:34 PKT" name="setUp" finished-at="2022-07-22T15:03:35 PKT" duration-ms="1475" status="PASS">
          <reporter-output>
          </reporter-output>
        </test-method> <!-- setUp -->
        <test-method signature="comparrableRegistration()[pri:0, instance:comparrable.ai.ComparableLogin@331acdad]" started-at="2022-07-22T15:04:22 PKT" name="comparrableRegistration" finished-at="2022-07-22T15:04:42 PKT" duration-ms="19789" status="PASS">
          <reporter-output>
          </reporter-output>
        </test-method> <!-- comparrableRegistration -->
      </class> <!-- comparrable.ai.ComparableLogin -->
    </test> <!-- Test -->
  </suite> <!-- Suite -->
</testng-results>
