<?xml version="1.0" encoding="UTF-8"?>
<testng-results ignored="0" total="3" passed="3" failed="0" skipped="0">
  <reporter-output>
  </reporter-output>
  <suite started-at="2022-07-26T15:48:43 PKT" name="Suite" finished-at="2022-07-26T15:49:54 PKT" duration-ms="70105">
    <groups>
    </groups>
    <test started-at="2022-07-26T15:48:43 PKT" name="Test" finished-at="2022-07-26T15:49:54 PKT" duration-ms="70105">
      <class name="comparrable.ai.ComparableRegistration">
        <test-method is-config="true" signature="setUp()[pri:0, instance:comparrable.ai.ComparableRegistration@253d9f73]" started-at="2022-07-26T15:48:46 PKT" name="setUp" finished-at="2022-07-26T15:48:46 PKT" duration-ms="734" status="PASS">
          <reporter-output>
          </reporter-output>
        </test-method> <!-- setUp -->
        <test-method signature="comparrableRegistration()[pri:0, instance:comparrable.ai.ComparableRegistration@253d9f73]" started-at="2022-07-26T15:48:46 PKT" name="comparrableRegistration" finished-at="2022-07-26T15:49:12 PKT" duration-ms="25853" status="PASS">
          <reporter-output>
          </reporter-output>
        </test-method> <!-- comparrableRegistration -->
      </class> <!-- comparrable.ai.ComparableRegistration -->
      <class name="comparrable.ai.ComparableLogin">
        <test-method is-config="true" signature="setUp()[pri:0, instance:comparrable.ai.ComparableLogin@59b38691]" started-at="2022-07-26T15:48:43 PKT" name="setUp" finished-at="2022-07-26T15:48:45 PKT" duration-ms="1320" status="PASS">
          <reporter-output>
          </reporter-output>
        </test-method> <!-- setUp -->
        <test-method signature="comparrableLogin()[pri:0, instance:comparrable.ai.ComparableLogin@59b38691]" started-at="2022-07-26T15:49:12 PKT" name="comparrableLogin" finished-at="2022-07-26T15:49:35 PKT" duration-ms="23049" status="PASS">
          <reporter-output>
          </reporter-output>
        </test-method> <!-- comparrableLogin -->
      </class> <!-- comparrable.ai.ComparableLogin -->
      <class name="comparrable.ai.ComparableLogin22">
        <test-method is-config="true" signature="setUp()[pri:0, instance:comparrable.ai.ComparableLogin22@2e2ff723]" started-at="2022-07-26T15:48:45 PKT" name="setUp" finished-at="2022-07-26T15:48:46 PKT" duration-ms="731" status="PASS">
          <reporter-output>
          </reporter-output>
        </test-method> <!-- setUp -->
        <test-method signature="comparrableLogin222()[pri:0, instance:comparrable.ai.ComparableLogin22@2e2ff723]" started-at="2022-07-26T15:49:35 PKT" name="comparrableLogin222" finished-at="2022-07-26T15:49:54 PKT" duration-ms="18399" status="PASS">
          <reporter-output>
          </reporter-output>
        </test-method> <!-- comparrableLogin222 -->
      </class> <!-- comparrable.ai.ComparableLogin22 -->
    </test> <!-- Test -->
  </suite> <!-- Suite -->
</testng-results>
