<?xml version="1.0" encoding="UTF-8"?>
<testsuite xmlns:xsi="http://www.w3.org/2001/XMLSchema-instance" xsi:noNamespaceSchemaLocation="https://maven.apache.org/surefire/maven-surefire-plugin/xsd/surefire-test-report-3.0.xsd" version="3.0" name="TestSuite" time="70.766" tests="3" errors="0" skipped="0" failures="0">
  <properties>
[...]
</properties>
  <testcase name="comparrableRegistration" classname="comparrable.ai.ComparableRegistration" time="25.851">
    <system-out><![CDATA[chrome
2022-07-26 15:48:44,025 main ERROR Unable to delete file D:\TestingAutomation\TestRepository\.\logs\prints.log: java.nio.file.FileSystemException D:\TestingAutomation\TestRepository\.\logs\prints.log: The process cannot access the file because it is being used by another process
2022-07-26 15:48:44,040 main ERROR Unable to delete file D:\TestingAutomation\TestRepository\.\logs\prints.log: java.nio.file.FileSystemException D:\TestingAutomation\TestRepository\.\logs\prints.log: The process cannot access the file because it is being used by another process
2022-07-26 15:48:44,054 main ERROR Unable to delete file D:\TestingAutomation\TestRepository\.\logs\prints.log: java.nio.file.FileSystemException D:\TestingAutomation\TestRepository\.\logs\prints.log: The process cannot access the file because it is being used by another process
2022-07-26 15:48:44,058 main ERROR Unable to delete file D:\TestingAutomation\TestRepository\.\logs\prints.log: java.nio.file.FileSystemException D:\TestingAutomation\TestRepository\.\logs\prints.log: The process cannot access the file because it is being used by another process
2022-07-26 15:48:44,061 main ERROR Unable to delete file D:\TestingAutomation\TestRepository\.\logs\prints.log: java.nio.file.FileSystemException D:\TestingAutomation\TestRepository\.\logs\prints.log: The process cannot access the file because it is being used by another process
2022-07-26 15:48:44,070 main ERROR Unable to delete file D:\TestingAutomation\TestRepository\.\logs\prints.log: java.nio.file.FileSystemException D:\TestingAutomation\TestRepository\.\logs\prints.log: The process cannot access the file because it is being used by another process
2022-07-26 15:48:44,194 main ERROR Unable to delete file D:\TestingAutomation\TestRepository\.\logs\prints.log: java.nio.file.FileSystemException D:\TestingAutomation\TestRepository\.\logs\prints.log: The process cannot access the file because it is being used by another process
2022-07-26 15:48:44,209 main ERROR Unable to delete file D:\TestingAutomation\TestRepository\.\logs\prints.log: java.nio.file.FileSystemException D:\TestingAutomation\TestRepository\.\logs\prints.log: The process cannot access the file because it is being used by another process
2022-07-26 15:48:44,213 main ERROR Unable to delete file D:\TestingAutomation\TestRepository\.\logs\prints.log: java.nio.file.FileSystemException D:\TestingAutomation\TestRepository\.\logs\prints.log: The process cannot access the file because it is being used by another process
2022-07-26 15:48:44,217 main ERROR Unable to delete file D:\TestingAutomation\TestRepository\.\logs\prints.log: java.nio.file.FileSystemException D:\TestingAutomation\TestRepository\.\logs\prints.log: The process cannot access the file because it is being used by another process
2022-07-26 15:48:44,220 main ERROR Unable to delete file D:\TestingAutomation\TestRepository\.\logs\prints.log: java.nio.file.FileSystemException D:\TestingAutomation\TestRepository\.\logs\prints.log: The process cannot access the file because it is being used by another process
2022-07-26 15:48:44,234 main ERROR Unable to delete file D:\TestingAutomation\TestRepository\.\logs\prints.log: java.nio.file.FileSystemException D:\TestingAutomation\TestRepository\.\logs\prints.log: The process cannot access the file because it is being used by another process
2022-07-26 15:48:44,236 main ERROR Unable to delete file D:\TestingAutomation\TestRepository\.\logs\prints.log: java.nio.file.FileSystemException D:\TestingAutomation\TestRepository\.\logs\prints.log: The process cannot access the file because it is being used by another process
2022-07-26 15:48:44,243 main ERROR Unable to delete file D:\TestingAutomation\TestRepository\.\logs\prints.log: java.nio.file.FileSystemException D:\TestingAutomation\TestRepository\.\logs\prints.log: The process cannot access the file because it is being used by another process
2022-07-26 15:48:44,611 Forwarding newSession on session null to remote ERROR Unable to delete file D:\TestingAutomation\TestRepository\.\logs\prints.log: java.nio.file.FileSystemException D:\TestingAutomation\TestRepository\.\logs\prints.log: The process cannot access the file because it is being used by another process
2022-07-26 15:48:44,662 AsyncHttpClient-1-2 ERROR Unable to delete file D:\TestingAutomation\TestRepository\.\logs\prints.log: java.nio.file.FileSystemException D:\TestingAutomation\TestRepository\.\logs\prints.log: The process cannot access the file because it is being used by another process
2022-07-26 15:48:44,676 AsyncHttpClient-1-2 ERROR Unable to delete file D:\TestingAutomation\TestRepository\.\logs\prints.log: java.nio.file.FileSystemException D:\TestingAutomation\TestRepository\.\logs\prints.log: The process cannot access the file because it is being used by another process
2022-07-26 15:48:45,236 main ERROR Unable to delete file D:\TestingAutomation\TestRepository\.\logs\prints.log: java.nio.file.FileSystemException D:\TestingAutomation\TestRepository\.\logs\prints.log: The process cannot access the file because it is being used by another process
chrome
chrome
18
tiger0176@partnerct.com
5
Valuation
Benchmarking
Market analysis
M&A
Other...
]]></system-out>
    <system-err><![CDATA[SLF4J: Failed to load class "org.slf4j.impl.StaticLoggerBinder".
SLF4J: Defaulting to no-operation (NOP) logger implementation
SLF4J: See http://www.slf4j.org/codes.html#StaticLoggerBinder for further details.
Starting ChromeDriver 102.0.5005.61 (0e59bcc00cc4985ce39ad31c150065f159d95ad3-refs/branch-heads/5005@{#819}) on port 59309
Only local connections are allowed.
Please see https://chromedriver.chromium.org/security-considerations for suggestions on keeping ChromeDriver safe.
ChromeDriver was started successfully.
[1658832525.139][WARNING]: This version of ChromeDriver has not been tested with Chrome version 103.
Jul 26, 2022 3:48:45 PM org.openqa.selenium.remote.ProtocolHandshake createSession
INFO: Detected dialect: W3C
Jul 26, 2022 3:48:45 PM org.openqa.selenium.devtools.CdpVersionFinder findNearestMatch
WARNING: Unable to find an exact match for CDP version 103, so returning the closest version found: a no-op implementation
Jul 26, 2022 3:48:45 PM org.openqa.selenium.devtools.CdpVersionFinder findNearestMatch
INFO: Unable to find CDP implementation matching 103.
Jul 26, 2022 3:48:45 PM org.openqa.selenium.chromium.ChromiumDriver lambda$new$3
WARNING: Unable to find version of CDP to use for . You may need to include a dependency on a specific version of the CDP using something similar to `org.seleniumhq.selenium:selenium-devtools-v86:4.0.0` where the version ("v86") matches the version of the chromium-based browser you're using and the version number of the artifact is the same as Selenium's.
Starting ChromeDriver 102.0.5005.61 (0e59bcc00cc4985ce39ad31c150065f159d95ad3-refs/branch-heads/5005@{#819}) on port 58452
Only local connections are allowed.
Please see https://chromedriver.chromium.org/security-considerations for suggestions on keeping ChromeDriver safe.
ChromeDriver was started successfully.
[1658832525.974][WARNING]: This version of ChromeDriver has not been tested with Chrome version 103.
Jul 26, 2022 3:48:45 PM org.openqa.selenium.remote.ProtocolHandshake createSession
INFO: Detected dialect: W3C
Jul 26, 2022 3:48:46 PM org.openqa.selenium.devtools.CdpVersionFinder findNearestMatch
WARNING: Unable to find an exact match for CDP version 103, so returning the closest version found: a no-op implementation
Jul 26, 2022 3:48:46 PM org.openqa.selenium.devtools.CdpVersionFinder findNearestMatch
INFO: Unable to find CDP implementation matching 103.
Jul 26, 2022 3:48:46 PM org.openqa.selenium.chromium.ChromiumDriver lambda$new$3
WARNING: Unable to find version of CDP to use for . You may need to include a dependency on a specific version of the CDP using something similar to `org.seleniumhq.selenium:selenium-devtools-v86:4.0.0` where the version ("v86") matches the version of the chromium-based browser you're using and the version number of the artifact is the same as Selenium's.
Starting ChromeDriver 102.0.5005.61 (0e59bcc00cc4985ce39ad31c150065f159d95ad3-refs/branch-heads/5005@{#819}) on port 51061
Only local connections are allowed.
Please see https://chromedriver.chromium.org/security-considerations for suggestions on keeping ChromeDriver safe.
ChromeDriver was started successfully.
[1658832526.707][WARNING]: This version of ChromeDriver has not been tested with Chrome version 103.
Jul 26, 2022 3:48:46 PM org.openqa.selenium.remote.ProtocolHandshake createSession
INFO: Detected dialect: W3C
Jul 26, 2022 3:48:46 PM org.openqa.selenium.devtools.CdpVersionFinder findNearestMatch
WARNING: Unable to find an exact match for CDP version 103, so returning the closest version found: a no-op implementation
Jul 26, 2022 3:48:46 PM org.openqa.selenium.devtools.CdpVersionFinder findNearestMatch
INFO: Unable to find CDP implementation matching 103.
Jul 26, 2022 3:48:46 PM org.openqa.selenium.chromium.ChromiumDriver lambda$new$3
WARNING: Unable to find version of CDP to use for . You may need to include a dependency on a specific version of the CDP using something similar to `org.seleniumhq.selenium:selenium-devtools-v86:4.0.0` where the version ("v86") matches the version of the chromium-based browser you're using and the version number of the artifact is the same as Selenium's.
]]></system-err>
  </testcase>
  <testcase name="comparrableLogin" classname="comparrable.ai.ComparableLogin" time="23.049"/>
  <testcase name="comparrableLogin222" classname="comparrable.ai.ComparableLogin22" time="18.399"/>
</testsuite>